<?xml version="1.0" encoding="UTF-8"?>
<testsuite xmlns:xsi="http://www.w3.org/2001/XMLSchema-instance" xsi:schemaLocation="https://maven.apache.org/surefire/maven-surefire-plugin/xsd/surefire-test-report.xsd" name="edu.eci.arsw.bidify.UsuarioServiceTest" time="0" tests="7" errors="0" skipped="0" failures="0">
  <properties>
[...]
</properties>
  <testcase name="testFindAll" classname="edu.eci.arsw.bidify.UsuarioServiceTest" time="0"/>
  <testcase name="testLogin" classname="edu.eci.arsw.bidify.UsuarioServiceTest" time="0"/>
  <testcase name="testUpdateUser" classname="edu.eci.arsw.bidify.UsuarioServiceTest" time="0"/>
  <testcase name="testRegistrarUsuario" classname="edu.eci.arsw.bidify.UsuarioServiceTest" time="0"/>
  <testcase name="testExistsById" classname="edu.eci.arsw.bidify.UsuarioServiceTest" time="0"/>
  <testcase name="testExistsByUserName" classname="edu.eci.arsw.bidify.UsuarioServiceTest" time="0"/>
  <testcase name="testDeleteUserName" classname="edu.eci.arsw.bidify.UsuarioServiceTest" time="0"/>
</testsuite>